app/build/intermediates/manifest_merge_blame_file/debug/manifest-merger-blame-debug-report.txt
1<?xml version="1.0" encoding="utf-8"?>
2<manifest xmlns:android="http://schemas.android.com/apk/res/android"
3    package="com.example.intelligentgarden"
4    android:versionCode="1"
5    android:versionName="1.0" >
6
7    <uses-sdk
8        android:minSdkVersion="28"
8-->src\main\AndroidManifest.xml
9        android:targetSdkVersion="32" />
9-->src\main\AndroidManifest.xml
10
11    <uses-permission android:name="android.permission.INTERNET" />
11-->src\main\AndroidManifest.xml:6:5-67
11-->src\main\AndroidManifest.xml:6:22-64
12    <uses-permission android:name="android.permission.ACCESS_NETWORK_STATE" />
12-->src\main\AndroidManifest.xml:7:5-79
12-->src\main\AndroidManifest.xml:7:22-76
13
14    <application
14-->src\main\AndroidManifest.xml:9:5-35:19
15        android:allowBackup="true"
15-->src\main\AndroidManifest.xml:10:9-35
16        android:appComponentFactory="androidx.core.app.CoreComponentFactory"
16-->[androidx.core:core:1.3.1] AndroidManifest.xml:24:18-86
17        android:dataExtractionRules="@xml/data_extraction_rules"
17-->src\main\AndroidManifest.xml:11:9-65
18        android:debuggable="true"
19        android:extractNativeLibs="false"
20        android:fullBackupContent="@xml/backup_rules"
20-->src\main\AndroidManifest.xml:12:9-54
21        android:icon="@mipmap/ic_launcher"
21-->src\main\AndroidManifest.xml:13:9-43
22        android:label="@string/app_name"
22-->src\main\AndroidManifest.xml:14:9-41
23        android:roundIcon="@mipmap/ic_launcher_round"
23-->src\main\AndroidManifest.xml:15:9-54
24        android:supportsRtl="true"
24-->src\main\AndroidManifest.xml:16:9-35
25        android:testOnly="true"
26        android:theme="@style/Theme.IntelligentGarden" >
26-->src\main\AndroidManifest.xml:17:9-55
27        <activity android:name="com.example.intelligentgarden.RegisterActivity" />
27-->src\main\AndroidManifest.xml:18:9-53
27-->src\main\AndroidManifest.xml:18:19-51
28        <activity android:name="com.example.intelligentgarden.EditPlantActivity" />
28-->src\main\AndroidManifest.xml:19:9-55
28-->src\main\AndroidManifest.xml:19:19-52
29        <activity android:name="com.example.intelligentgarden.EditSurfaceActivity" />
29-->src\main\AndroidManifest.xml:20:9-57
29-->src\main\AndroidManifest.xml:20:19-54
30        <activity android:name="com.example.intelligentgarden.DisplayGardenActivity" />
30-->src\main\AndroidManifest.xml:21:9-58
30-->src\main\AndroidManifest.xml:21:19-56
31        <activity android:name="com.example.intelligentgarden.LoginActivity" />
31-->src\main\AndroidManifest.xml:22:9-51
31-->src\main\AndroidManifest.xml:22:19-48
32        <activity android:name="com.example.intelligentgarden.MainActivity2" />
32-->src\main\AndroidManifest.xml:23:9-51
32-->src\main\AndroidManifest.xml:23:19-48
33        <activity
33-->src\main\AndroidManifest.xml:24:9-31:20
34            android:name="com.example.intelligentgarden.MainActivity"
34-->src\main\AndroidManifest.xml:24:19-47
35            android:exported="true" >
35-->src\main\AndroidManifest.xml:25:13-36
36            <intent-filter>
36-->src\main\AndroidManifest.xml:26:13-30:29
37                <action android:name="android.intent.action.MAIN" />
37-->src\main\AndroidManifest.xml:27:17-69
37-->src\main\AndroidManifest.xml:27:25-66
38
39                <category android:name="android.intent.category.LAUNCHER" />
39-->src\main\AndroidManifest.xml:29:17-77
39-->src\main\AndroidManifest.xml:29:27-74
40            </intent-filter>
41        </activity>
42
43        <meta-data
43-->src\main\AndroidManifest.xml:32:9-34:57
44            android:name="preloaded_fonts"
44-->src\main\AndroidManifest.xml:33:13-43
45            android:resource="@array/preloaded_fonts" />
45-->src\main\AndroidManifest.xml:34:13-54
46        <meta-data
46-->[com.firebaseui:firebase-ui-auth:7.2.0] AndroidManifest.xml:16:9-18:69
47            android:name="com.google.android.gms.version"
47-->[com.firebaseui:firebase-ui-auth:7.2.0] AndroidManifest.xml:17:13-58
48            android:value="@integer/google_play_services_version" />
48-->[com.firebaseui:firebase-ui-auth:7.2.0] AndroidManifest.xml:18:13-66
49        <meta-data
49-->[com.firebaseui:firebase-ui-auth:7.2.0] AndroidManifest.xml:19:9-21:63
50            android:name="com.facebook.sdk.ApplicationId"
50-->[com.firebaseui:firebase-ui-auth:7.2.0] AndroidManifest.xml:20:13-58
51            android:value="@string/facebook_application_id" />
51-->[com.firebaseui:firebase-ui-auth:7.2.0] AndroidManifest.xml:21:13-60
52
53        <activity
53-->[com.firebaseui:firebase-ui-auth:7.2.0] AndroidManifest.xml:23:9-27:61
54            android:name="com.firebase.ui.auth.KickoffActivity"
54-->[com.firebaseui:firebase-ui-auth:7.2.0] AndroidManifest.xml:24:13-64
55            android:exported="false"
55-->[com.firebaseui:firebase-ui-auth:7.2.0] AndroidManifest.xml:25:13-37
56            android:label=""
56-->[com.firebaseui:firebase-ui-auth:7.2.0] AndroidManifest.xml:26:13-29
57            android:theme="@style/FirebaseUI.Transparent" />
57-->[com.firebaseui:firebase-ui-auth:7.2.0] AndroidManifest.xml:27:13-58
58        <activity
58-->[com.firebaseui:firebase-ui-auth:7.2.0] AndroidManifest.xml:28:9-32:61
59            android:name="com.firebase.ui.auth.ui.idp.SingleSignInActivity"
59-->[com.firebaseui:firebase-ui-auth:7.2.0] AndroidManifest.xml:29:13-76
60            android:exported="false"
60-->[com.firebaseui:firebase-ui-auth:7.2.0] AndroidManifest.xml:30:13-37
61            android:label=""
61-->[com.firebaseui:firebase-ui-auth:7.2.0] AndroidManifest.xml:31:13-29
62            android:theme="@style/FirebaseUI.Transparent" />
62-->[com.firebaseui:firebase-ui-auth:7.2.0] AndroidManifest.xml:32:13-58
63        <activity
63-->[com.firebaseui:firebase-ui-auth:7.2.0] AndroidManifest.xml:33:9-37:61
64            android:name="com.firebase.ui.auth.ui.credentials.CredentialSaveActivity"
64-->[com.firebaseui:firebase-ui-auth:7.2.0] AndroidManifest.xml:34:13-86
65            android:exported="false"
65-->[com.firebaseui:firebase-ui-auth:7.2.0] AndroidManifest.xml:35:13-37
66            android:label=""
66-->[com.firebaseui:firebase-ui-auth:7.2.0] AndroidManifest.xml:36:13-29
67            android:theme="@style/FirebaseUI.Transparent" />
67-->[com.firebaseui:firebase-ui-auth:7.2.0] AndroidManifest.xml:37:13-58
68        <activity
68-->[com.firebaseui:firebase-ui-auth:7.2.0] AndroidManifest.xml:38:9-42:58
69            android:name="com.firebase.ui.auth.ui.email.RecoverPasswordActivity"
69-->[com.firebaseui:firebase-ui-auth:7.2.0] AndroidManifest.xml:39:13-81
70            android:exported="false"
70-->[com.firebaseui:firebase-ui-auth:7.2.0] AndroidManifest.xml:40:13-37
71            android:label="@string/fui_title_recover_password_activity"
71-->[com.firebaseui:firebase-ui-auth:7.2.0] AndroidManifest.xml:41:13-72
72            android:windowSoftInputMode="adjustResize" />
72-->[com.firebaseui:firebase-ui-auth:7.2.0] AndroidManifest.xml:42:13-55
73        <activity
73-->[com.firebaseui:firebase-ui-auth:7.2.0] AndroidManifest.xml:43:9-47:58
74            android:name="com.firebase.ui.auth.ui.email.EmailActivity"
74-->[com.firebaseui:firebase-ui-auth:7.2.0] AndroidManifest.xml:44:13-71
75            android:exported="false"
75-->[com.firebaseui:firebase-ui-auth:7.2.0] AndroidManifest.xml:45:13-37
76            android:label="@string/fui_sign_in_default"
76-->[com.firebaseui:firebase-ui-auth:7.2.0] AndroidManifest.xml:46:13-56
77            android:windowSoftInputMode="adjustResize" />
77-->[com.firebaseui:firebase-ui-auth:7.2.0] AndroidManifest.xml:47:13-55
78        <activity
78-->[com.firebaseui:firebase-ui-auth:7.2.0] AndroidManifest.xml:48:9-52:77
79            android:name="com.firebase.ui.auth.ui.phone.PhoneActivity"
79-->[com.firebaseui:firebase-ui-auth:7.2.0] AndroidManifest.xml:49:13-71
80            android:exported="false"
80-->[com.firebaseui:firebase-ui-auth:7.2.0] AndroidManifest.xml:50:13-37
81            android:label="@string/fui_sign_in_with_phone_number"
81-->[com.firebaseui:firebase-ui-auth:7.2.0] AndroidManifest.xml:51:13-66
82            android:windowSoftInputMode="adjustResize|stateAlwaysVisible" />
82-->[com.firebaseui:firebase-ui-auth:7.2.0] AndroidManifest.xml:52:13-74
83        <activity
83-->[com.firebaseui:firebase-ui-auth:7.2.0] AndroidManifest.xml:53:9-57:58
84            android:name="com.firebase.ui.auth.ui.idp.WelcomeBackIdpPrompt"
84-->[com.firebaseui:firebase-ui-auth:7.2.0] AndroidManifest.xml:54:13-76
85            android:exported="false"
85-->[com.firebaseui:firebase-ui-auth:7.2.0] AndroidManifest.xml:55:13-37
86            android:label="@string/fui_title_welcome_back_idp_prompt"
86-->[com.firebaseui:firebase-ui-auth:7.2.0] AndroidManifest.xml:56:13-70
87            android:windowSoftInputMode="adjustResize" />
87-->[com.firebaseui:firebase-ui-auth:7.2.0] AndroidManifest.xml:57:13-55
88        <activity
88-->[com.firebaseui:firebase-ui-auth:7.2.0] AndroidManifest.xml:58:9-62:58
89            android:name="com.firebase.ui.auth.ui.email.WelcomeBackPasswordPrompt"
89-->[com.firebaseui:firebase-ui-auth:7.2.0] AndroidManifest.xml:59:13-83
90            android:exported="false"
90-->[com.firebaseui:firebase-ui-auth:7.2.0] AndroidManifest.xml:60:13-37
91            android:label="@string/fui_title_welcome_back_password_prompt"
91-->[com.firebaseui:firebase-ui-auth:7.2.0] AndroidManifest.xml:61:13-75
92            android:windowSoftInputMode="adjustResize" />
92-->[com.firebaseui:firebase-ui-auth:7.2.0] AndroidManifest.xml:62:13-55
93        <activity
93-->[com.firebaseui:firebase-ui-auth:7.2.0] AndroidManifest.xml:63:9-67:58
94            android:name="com.firebase.ui.auth.ui.email.WelcomeBackEmailLinkPrompt"
94-->[com.firebaseui:firebase-ui-auth:7.2.0] AndroidManifest.xml:64:13-84
95            android:exported="false"
95-->[com.firebaseui:firebase-ui-auth:7.2.0] AndroidManifest.xml:65:13-37
96            android:label="@string/fui_title_welcome_back_password_prompt"
96-->[com.firebaseui:firebase-ui-auth:7.2.0] AndroidManifest.xml:66:13-75
97            android:windowSoftInputMode="adjustResize" />
97-->[com.firebaseui:firebase-ui-auth:7.2.0] AndroidManifest.xml:67:13-55
98        <activity
98-->[com.firebaseui:firebase-ui-auth:7.2.0] AndroidManifest.xml:68:9-73:58
99            android:name="com.firebase.ui.auth.ui.email.EmailLinkCatcherActivity"
99-->[com.firebaseui:firebase-ui-auth:7.2.0] AndroidManifest.xml:69:13-82
100            android:exported="false"
100-->[com.firebaseui:firebase-ui-auth:7.2.0] AndroidManifest.xml:70:13-37
101            android:label=""
101-->[com.firebaseui:firebase-ui-auth:7.2.0] AndroidManifest.xml:71:13-29
102            android:theme="@style/FirebaseUI.Transparent"
102-->[com.firebaseui:firebase-ui-auth:7.2.0] AndroidManifest.xml:72:13-58
103            android:windowSoftInputMode="adjustResize" />
103-->[com.firebaseui:firebase-ui-auth:7.2.0] AndroidManifest.xml:73:13-55
104        <activity
104-->[com.firebaseui:firebase-ui-auth:7.2.0] AndroidManifest.xml:74:9-78:58
105            android:name="com.firebase.ui.auth.ui.email.EmailLinkErrorRecoveryActivity"
105-->[com.firebaseui:firebase-ui-auth:7.2.0] AndroidManifest.xml:75:13-88
106            android:exported="false"
106-->[com.firebaseui:firebase-ui-auth:7.2.0] AndroidManifest.xml:76:13-37
107            android:label="@string/fui_sign_in_default"
107-->[com.firebaseui:firebase-ui-auth:7.2.0] AndroidManifest.xml:77:13-56
108            android:windowSoftInputMode="adjustResize" />
108-->[com.firebaseui:firebase-ui-auth:7.2.0] AndroidManifest.xml:78:13-55
109        <activity
109-->[com.firebaseui:firebase-ui-auth:7.2.0] AndroidManifest.xml:79:9-82:65
110            android:name="com.firebase.ui.auth.ui.idp.AuthMethodPickerActivity"
110-->[com.firebaseui:firebase-ui-auth:7.2.0] AndroidManifest.xml:80:13-80
111            android:exported="false"
111-->[com.firebaseui:firebase-ui-auth:7.2.0] AndroidManifest.xml:81:13-37
112            android:label="@string/fui_default_toolbar_title" />
112-->[com.firebaseui:firebase-ui-auth:7.2.0] AndroidManifest.xml:82:13-62
113        <activity
113-->[com.firebaseui:firebase-ui-auth:7.2.0] AndroidManifest.xml:83:9-87:48
114            android:name="com.facebook.FacebookActivity"
114-->[com.firebaseui:firebase-ui-auth:7.2.0] AndroidManifest.xml:84:13-57
115            android:configChanges="keyboard|keyboardHidden|screenLayout|screenSize|orientation"
115-->[com.firebaseui:firebase-ui-auth:7.2.0] AndroidManifest.xml:85:13-96
116            android:label="@string/app_name" />
116-->[com.firebaseui:firebase-ui-auth:7.2.0] AndroidManifest.xml:86:13-45
117        <activity
117-->[com.firebaseui:firebase-ui-auth:7.2.0] AndroidManifest.xml:88:9-100:20
118            android:name="com.facebook.CustomTabActivity"
118-->[com.firebaseui:firebase-ui-auth:7.2.0] AndroidManifest.xml:89:13-58
119            android:exported="true" >
119-->[com.firebaseui:firebase-ui-auth:7.2.0] AndroidManifest.xml:90:13-36
120            <intent-filter>
120-->[com.firebaseui:firebase-ui-auth:7.2.0] AndroidManifest.xml:92:13-99:29
121                <action android:name="android.intent.action.VIEW" />
121-->[com.firebaseui:firebase-ui-auth:7.2.0] AndroidManifest.xml:93:17-69
121-->[com.firebaseui:firebase-ui-auth:7.2.0] AndroidManifest.xml:93:25-66
122
123                <category android:name="android.intent.category.DEFAULT" />
123-->[com.firebaseui:firebase-ui-auth:7.2.0] AndroidManifest.xml:95:17-76
123-->[com.firebaseui:firebase-ui-auth:7.2.0] AndroidManifest.xml:95:27-73
124                <category android:name="android.intent.category.BROWSABLE" />
124-->[com.firebaseui:firebase-ui-auth:7.2.0] AndroidManifest.xml:96:17-78
124-->[com.firebaseui:firebase-ui-auth:7.2.0] AndroidManifest.xml:96:27-75
125
126                <data android:scheme="@string/facebook_login_protocol_scheme" />
126-->[com.firebaseui:firebase-ui-auth:7.2.0] AndroidManifest.xml:98:17-81
126-->[com.firebaseui:firebase-ui-auth:7.2.0] AndroidManifest.xml:98:23-78
127            </intent-filter>
128        </activity>
129
130        <provider
130-->[com.firebaseui:firebase-ui-auth:7.2.0] AndroidManifest.xml:102:9-106:38
131            android:name="com.firebase.ui.auth.data.client.AuthUiInitProvider"
131-->[com.firebaseui:firebase-ui-auth:7.2.0] AndroidManifest.xml:103:13-79
132            android:authorities="com.example.intelligentgarden.authuiinitprovider"
132-->[com.firebaseui:firebase-ui-auth:7.2.0] AndroidManifest.xml:104:13-70
133            android:exported="false"
133-->[com.firebaseui:firebase-ui-auth:7.2.0] AndroidManifest.xml:105:13-37
134            android:initOrder="90" />
134-->[com.firebaseui:firebase-ui-auth:7.2.0] AndroidManifest.xml:106:13-35
135
136        <activity
136-->[com.google.firebase:firebase-auth:21.1.0] AndroidManifest.xml:27:9-44:20
137            android:name="com.google.firebase.auth.internal.GenericIdpActivity"
137-->[com.google.firebase:firebase-auth:21.1.0] AndroidManifest.xml:28:13-80
138            android:excludeFromRecents="true"
138-->[com.google.firebase:firebase-auth:21.1.0] AndroidManifest.xml:29:13-46
139            android:exported="true"
139-->[com.google.firebase:firebase-auth:21.1.0] AndroidManifest.xml:30:13-36
140            android:launchMode="singleTask"
140-->[com.google.firebase:firebase-auth:21.1.0] AndroidManifest.xml:31:13-44
141            android:theme="@android:style/Theme.Translucent.NoTitleBar" >
141-->[com.google.firebase:firebase-auth:21.1.0] AndroidManifest.xml:32:13-72
142            <intent-filter>
142-->[com.google.firebase:firebase-auth:21.1.0] AndroidManifest.xml:33:13-43:29
143                <action android:name="android.intent.action.VIEW" />
143-->[com.firebaseui:firebase-ui-auth:7.2.0] AndroidManifest.xml:93:17-69
143-->[com.firebaseui:firebase-ui-auth:7.2.0] AndroidManifest.xml:93:25-66
144
145                <category android:name="android.intent.category.DEFAULT" />
145-->[com.firebaseui:firebase-ui-auth:7.2.0] AndroidManifest.xml:95:17-76
145-->[com.firebaseui:firebase-ui-auth:7.2.0] AndroidManifest.xml:95:27-73
146                <category android:name="android.intent.category.BROWSABLE" />
146-->[com.firebaseui:firebase-ui-auth:7.2.0] AndroidManifest.xml:96:17-78
146-->[com.firebaseui:firebase-ui-auth:7.2.0] AndroidManifest.xml:96:27-75
147
148                <data
148-->[com.firebaseui:firebase-ui-auth:7.2.0] AndroidManifest.xml:98:17-81
149                    android:host="firebase.auth"
150                    android:path="/"
151                    android:scheme="genericidp" />
151-->[com.firebaseui:firebase-ui-auth:7.2.0] AndroidManifest.xml:98:23-78
152            </intent-filter>
153        </activity>
154        <activity
154-->[com.google.firebase:firebase-auth:21.1.0] AndroidManifest.xml:45:9-62:20
155            android:name="com.google.firebase.auth.internal.RecaptchaActivity"
155-->[com.google.firebase:firebase-auth:21.1.0] AndroidManifest.xml:46:13-79
156            android:excludeFromRecents="true"
156-->[com.google.firebase:firebase-auth:21.1.0] AndroidManifest.xml:47:13-46
157            android:exported="true"
157-->[com.google.firebase:firebase-auth:21.1.0] AndroidManifest.xml:48:13-36
158            android:launchMode="singleTask"
158-->[com.google.firebase:firebase-auth:21.1.0] AndroidManifest.xml:49:13-44
159            android:theme="@android:style/Theme.Translucent.NoTitleBar" >
159-->[com.google.firebase:firebase-auth:21.1.0] AndroidManifest.xml:50:13-72
160            <intent-filter>
160-->[com.google.firebase:firebase-auth:21.1.0] AndroidManifest.xml:51:13-61:29
161                <action android:name="android.intent.action.VIEW" />
161-->[com.firebaseui:firebase-ui-auth:7.2.0] AndroidManifest.xml:93:17-69
161-->[com.firebaseui:firebase-ui-auth:7.2.0] AndroidManifest.xml:93:25-66
162
163                <category android:name="android.intent.category.DEFAULT" />
163-->[com.firebaseui:firebase-ui-auth:7.2.0] AndroidManifest.xml:95:17-76
163-->[com.firebaseui:firebase-ui-auth:7.2.0] AndroidManifest.xml:95:27-73
164                <category android:name="android.intent.category.BROWSABLE" />
164-->[com.firebaseui:firebase-ui-auth:7.2.0] AndroidManifest.xml:96:17-78
164-->[com.firebaseui:firebase-ui-auth:7.2.0] AndroidManifest.xml:96:27-75
165
166                <data
166-->[com.firebaseui:firebase-ui-auth:7.2.0] AndroidManifest.xml:98:17-81
167                    android:host="firebase.auth"
168                    android:path="/"
169                    android:scheme="recaptcha" />
169-->[com.firebaseui:firebase-ui-auth:7.2.0] AndroidManifest.xml:98:23-78
170            </intent-filter>
171        </activity>
172
173        <service
173-->[com.google.firebase:firebase-auth:21.1.0] AndroidManifest.xml:64:9-70:19
174            android:name="com.google.firebase.components.ComponentDiscoveryService"
174-->[com.google.firebase:firebase-auth:21.1.0] AndroidManifest.xml:65:13-84
175            android:directBootAware="true"
175-->[com.google.firebase:firebase-common:20.2.0] AndroidManifest.xml:34:13-43
176            android:exported="false" >
176-->[com.google.firebase:firebase-auth:21.1.0] AndroidManifest.xml:66:13-37
177            <meta-data
177-->[com.google.firebase:firebase-auth:21.1.0] AndroidManifest.xml:67:13-69:85
178                android:name="com.google.firebase.components:com.google.firebase.auth.FirebaseAuthRegistrar"
178-->[com.google.firebase:firebase-auth:21.1.0] AndroidManifest.xml:68:17-109
179                android:value="com.google.firebase.components.ComponentRegistrar" />
179-->[com.google.firebase:firebase-auth:21.1.0] AndroidManifest.xml:69:17-82
180        </service>
181
182        <activity
182-->[com.google.android.gms:play-services-auth:20.3.0] AndroidManifest.xml:23:9-27:75
183            android:name="com.google.android.gms.auth.api.signin.internal.SignInHubActivity"
183-->[com.google.android.gms:play-services-auth:20.3.0] AndroidManifest.xml:24:13-93
184            android:excludeFromRecents="true"
184-->[com.google.android.gms:play-services-auth:20.3.0] AndroidManifest.xml:25:13-46
185            android:exported="false"
185-->[com.google.android.gms:play-services-auth:20.3.0] AndroidManifest.xml:26:13-37
186            android:theme="@android:style/Theme.Translucent.NoTitleBar" />
186-->[com.google.android.gms:play-services-auth:20.3.0] AndroidManifest.xml:27:13-72
187        <!--
188            Service handling Google Sign-In user revocation. For apps that do not integrate with
189            Google Sign-In, this service will never be started.
190        -->
191        <service
191-->[com.google.android.gms:play-services-auth:20.3.0] AndroidManifest.xml:33:9-37:51
192            android:name="com.google.android.gms.auth.api.signin.RevocationBoundService"
192-->[com.google.android.gms:play-services-auth:20.3.0] AndroidManifest.xml:34:13-89
193            android:exported="true"
193-->[com.google.android.gms:play-services-auth:20.3.0] AndroidManifest.xml:35:13-36
194            android:permission="com.google.android.gms.auth.api.signin.permission.REVOCATION_NOTIFICATION"
194-->[com.google.android.gms:play-services-auth:20.3.0] AndroidManifest.xml:36:13-107
195            android:visibleToInstantApps="true" />
195-->[com.google.android.gms:play-services-auth:20.3.0] AndroidManifest.xml:37:13-48
196
197        <provider
197-->[com.google.firebase:firebase-common:20.2.0] AndroidManifest.xml:25:9-30:39
198            android:name="com.google.firebase.provider.FirebaseInitProvider"
198-->[com.google.firebase:firebase-common:20.2.0] AndroidManifest.xml:26:13-77
199            android:authorities="com.example.intelligentgarden.firebaseinitprovider"
199-->[com.google.firebase:firebase-common:20.2.0] AndroidManifest.xml:27:13-72
200            android:directBootAware="true"
200-->[com.google.firebase:firebase-common:20.2.0] AndroidManifest.xml:28:13-43
201            android:exported="false"
201-->[com.google.firebase:firebase-common:20.2.0] AndroidManifest.xml:29:13-37
202            android:initOrder="100" />
202-->[com.google.firebase:firebase-common:20.2.0] AndroidManifest.xml:30:13-36
203
204        <activity
204-->[com.google.android.gms:play-services-base:18.0.1] AndroidManifest.xml:20:9-22:45
205            android:name="com.google.android.gms.common.api.GoogleApiActivity"
205-->[com.google.android.gms:play-services-base:18.0.1] AndroidManifest.xml:20:19-85
206            android:exported="false"
206-->[com.google.android.gms:play-services-base:18.0.1] AndroidManifest.xml:22:19-43
207            android:theme="@android:style/Theme.Translucent.NoTitleBar" />
207-->[com.google.android.gms:play-services-base:18.0.1] AndroidManifest.xml:21:19-78
208
209        <provider
209-->[androidx.lifecycle:lifecycle-process:2.2.0] AndroidManifest.xml:25:9-29:43
210            android:name="androidx.lifecycle.ProcessLifecycleOwnerInitializer"
210-->[androidx.lifecycle:lifecycle-process:2.2.0] AndroidManifest.xml:26:13-79
211            android:authorities="com.example.intelligentgarden.lifecycle-process"
211-->[androidx.lifecycle:lifecycle-process:2.2.0] AndroidManifest.xml:27:13-69
212            android:exported="false"
212-->[androidx.lifecycle:lifecycle-process:2.2.0] AndroidManifest.xml:28:13-37
213            android:multiprocess="true" />
213-->[androidx.lifecycle:lifecycle-process:2.2.0] AndroidManifest.xml:29:13-40
214    </application>
215
216</manifest>